<?xml version="1.0" encoding="UTF-8"?>
<!-- Generated by org.testng.reporters.JUnitXMLReporter -->
<testsuite ignored="0" hostname="EBJAK-XING-LAPTOP-01" failures="0" tests="6" name="Default test" time="13.983" errors="0" timestamp="2023-09-06T10:10:52 CDT">
  <testcase classname="api.test.DataDrivenTests" name="testPostUser" time="5.092"/>
  <testcase classname="api.test.DataDrivenTests" name="testPostUser" time="0.474"/>
  <testcase classname="api.test.DataDrivenTests" name="testPostUser" time="0.283"/>
  <testcase classname="api.test.DataDrivenTests" name="testDeleteUserByName" time="0.27"/>
  <testcase classname="api.test.DataDrivenTests" name="testDeleteUserByName" time="0.225"/>
  <testcase classname="api.test.DataDrivenTests" name="testDeleteUserByName" time="0.217"/>
</testsuite> <!-- Default test -->
