<?xml version="1.0" encoding="UTF-8"?>
<!-- Generated by org.testng.reporters.JUnitXMLReporter -->
<testsuite ignored="0" hostname="EBJAK-XING-LAPTOP-01" failures="0" tests="10" name="Test" time="12.822" errors="0" timestamp="2023-09-06T13:40:39 CDT">
  <testcase classname="api.test.DataDrivenTests2" name="testPostUser" time="2.957"/>
  <testcase classname="api.test.DataDrivenTests2" name="testPostUser" time="0.266"/>
  <testcase classname="api.test.DataDrivenTests2" name="testPostUser" time="0.248"/>
  <testcase classname="api.test.DataDrivenTests2" name="testDeleteUserByName" time="0.257"/>
  <testcase classname="api.test.DataDrivenTests2" name="testDeleteUserByName" time="0.237"/>
  <testcase classname="api.test.DataDrivenTests2" name="testDeleteUserByName" time="0.218"/>
  <testcase classname="api.test.UserTests2" name="testCreateUser" time="0.296"/>
  <testcase classname="api.test.UserTests2" name="testGetUserByName" time="1.833"/>
  <testcase classname="api.test.UserTests2" name="testUpdateUserByName" time="0.759"/>
  <testcase classname="api.test.UserTests2" name="testDeleteUserByName" time="0.243"/>
</testsuite> <!-- Test -->
