<?xml version="1.0" encoding="UTF-8"?>
<!-- Generated by org.testng.reporters.JUnitXMLReporter -->
<testsuite ignored="0" hostname="EBJAK-XING-LAPTOP-01" failures="0" tests="10" name="Test" time="17.287" errors="0" timestamp="2023-09-06T15:50:18 CDT">
  <testcase classname="api.test.DataDrivenTests" name="testPostUser" time="4.831"/>
  <testcase classname="api.test.DataDrivenTests" name="testPostUser" time="0.27"/>
  <testcase classname="api.test.DataDrivenTests" name="testPostUser" time="0.317"/>
  <testcase classname="api.test.DataDrivenTests" name="testDeleteUserByName" time="0.312"/>
  <testcase classname="api.test.DataDrivenTests" name="testDeleteUserByName" time="0.223"/>
  <testcase classname="api.test.DataDrivenTests" name="testDeleteUserByName" time="0.24"/>
  <testcase classname="api.test.UserTests" name="testCreateUser" time="0.396"/>
  <testcase classname="api.test.UserTests" name="testGetUserByName" time="3.634"/>
  <testcase classname="api.test.UserTests" name="testUpdateUserByName" time="0.635"/>
  <testcase classname="api.test.UserTests" name="testDeleteUserByName" time="0.21"/>
</testsuite> <!-- Test -->
