<?xml version="1.0" encoding="UTF-8"?>
<!-- Generated by org.testng.reporters.JUnitXMLReporter -->
<testsuite ignored="0" hostname="EBJAK-XING-LAPTOP-01" failures="0" tests="10" name="Test" time="11.282" errors="0" timestamp="2023-09-07T09:54:22 CDT">
  <testcase classname="api.test.DataDrivenTests" name="testPostUser" time="3.476"/>
  <testcase classname="api.test.DataDrivenTests" name="testPostUser" time="0.265"/>
  <testcase classname="api.test.DataDrivenTests" name="testPostUser" time="0.268"/>
  <testcase classname="api.test.DataDrivenTests" name="testDeleteUserByName" time="0.282"/>
  <testcase classname="api.test.DataDrivenTests" name="testDeleteUserByName" time="0.234"/>
  <testcase classname="api.test.DataDrivenTests" name="testDeleteUserByName" time="0.233"/>
  <testcase classname="api.test.UserTests" name="testCreateUser" time="0.312"/>
  <testcase classname="api.test.UserTests" name="testGetUserByName" time="1.253"/>
  <testcase classname="api.test.UserTests" name="testUpdateUserByName" time="0.563"/>
  <testcase classname="api.test.UserTests" name="testDeleteUserByName" time="0.232"/>
</testsuite> <!-- Test -->
