<?xml version="1.0" encoding="UTF-8"?>
<testsuite xmlns:xsi="http://www.w3.org/2001/XMLSchema-instance" xsi:noNamespaceSchemaLocation="https://maven.apache.org/surefire/maven-surefire-plugin/xsd/surefire-test-report-3.0.xsd" version="3.0" name="TestSuite" time="21.452" tests="10" errors="0" skipped="0" failures="0">
  <properties>
[...]
</properties>
  <testcase name="testPostUser[1010, testuser1, Jake, Jakubowicz, bowicz@gmail.com, test@1, 2195551212](1)" classname="api.test.DataDrivenTests" time="4.84">
    <system-err><![CDATA[SLF4J: Failed to load class "org.slf4j.impl.StaticLoggerBinder".
SLF4J: Defaulting to no-operation (NOP) logger implementation
SLF4J: See http://www.slf4j.org/codes.html#StaticLoggerBinder for further details.
]]></system-err>
  </testcase>
  <testcase name="testPostUser[1020, testuser2, Joe, Jakubowicz, lilb@gmail.com, test@2, 2195551212](2)" classname="api.test.DataDrivenTests" time="0.277"/>
  <testcase name="testPostUser[1030, testuser3, Jose, Torres, jat2@gmail.com, test@3, 2195551212](3)" classname="api.test.DataDrivenTests" time="0.341"/>
  <testcase name="testDeleteUserByName[testuser1](1)" classname="api.test.DataDrivenTests" time="0.311"/>
  <testcase name="testDeleteUserByName[testuser2](2)" classname="api.test.DataDrivenTests" time="0.224"/>
  <testcase name="testDeleteUserByName[testuser3](3)" classname="api.test.DataDrivenTests" time="0.241"/>
  <testcase name="testCreateUser" classname="api.test.UserTests" time="0.399">
    <system-out><![CDATA[HTTP/1.1 200 OK
Date: Wed, 06 Sep 2023 20:50:12 GMT
Content-Type: application/json
Transfer-Encoding: chunked
Connection: keep-alive
Access-Control-Allow-Origin: *
Access-Control-Allow-Methods: GET, POST, DELETE, PUT
Access-Control-Allow-Headers: Content-Type, api_key, Authorization
Server: Jetty(9.2.9.v20150224)

{
    "code": 200,
    "type": "unknown",
    "message": "1037732398"
}
]]></system-out>
  </testcase>
  <testcase name="testGetUserByName" classname="api.test.UserTests" time="3.637">
    <system-out><![CDATA[HTTP/1.1 200 OK
Date: Wed, 06 Sep 2023 20:50:13 GMT
Content-Type: application/json
Transfer-Encoding: chunked
Connection: keep-alive
Access-Control-Allow-Origin: *
Access-Control-Allow-Methods: GET, POST, DELETE, PUT
Access-Control-Allow-Headers: Content-Type, api_key, Authorization
Server: Jetty(9.2.9.v20150224)

{
    "id": 1037732398,
    "username": "fawn.pfeffer",
    "firstName": "Cristy",
    "lastName": "Reynolds",
    "email": "telma.morissette@gmail.com",
    "password": "wreavzkycrtm",
    "phone": "601.482.7243",
    "userStatus": 0
}
]]></system-out>
  </testcase>
  <testcase name="testUpdateUserByName" classname="api.test.UserTests" time="0.712">
    <system-out><![CDATA[{
    "code": 200,
    "type": "unknown",
    "message": "1037732398"
}
HTTP/1.1 200 OK
Date: Wed, 06 Sep 2023 20:50:16 GMT
Content-Type: application/json
Transfer-Encoding: chunked
Connection: keep-alive
Access-Control-Allow-Origin: *
Access-Control-Allow-Methods: GET, POST, DELETE, PUT
Access-Control-Allow-Headers: Content-Type, api_key, Authorization
Server: Jetty(9.2.9.v20150224)

{
    "id": 1037732398,
    "username": "fawn.pfeffer",
    "firstName": "Don",
    "lastName": "Reynolds",
    "email": "freeda.borer@yahoo.com",
    "password": "iqiw45dao1t",
    "phone": "(388) 598-8421",
    "userStatus": 0
}
]]></system-out>
  </testcase>
  <testcase name="testDeleteUserByName" classname="api.test.UserTests" time="0.132"/>
</testsuite>