<?xml version="1.0" encoding="UTF-8"?>
<testng-results ignored="0" total="10" passed="10" failed="0" skipped="0">
  <reporter-output>
  </reporter-output>
  <suite started-at="2023-09-07T09:54:10 CDT" name="Suite" finished-at="2023-09-07T09:54:21 CDT" duration-ms="11282">
    <groups>
    </groups>
    <test started-at="2023-09-07T09:54:10 CDT" name="Test" finished-at="2023-09-07T09:54:21 CDT" duration-ms="11282">
      <class name="api.test.DataDrivenTests">
        <test-method signature="testPostUser(java.lang.String,java.lang.String,java.lang.String,java.lang.String,java.lang.String,java.lang.String,java.lang.String)[pri:1, instance:api.test.DataDrivenTests@6a28ffa4]" started-at="2023-09-07T09:54:13 CDT" name="testPostUser" data-provider="Data" finished-at="2023-09-07T09:54:17 CDT" duration-ms="3476" status="PASS">
          <params>
            <param index="0">
              <value>
                <![CDATA[1010]]>
              </value>
            </param>
            <param index="1">
              <value>
                <![CDATA[testuser1]]>
              </value>
            </param>
            <param index="2">
              <value>
                <![CDATA[Jake]]>
              </value>
            </param>
            <param index="3">
              <value>
                <![CDATA[Jakubowicz]]>
              </value>
            </param>
            <param index="4">
              <value>
                <![CDATA[bowicz@gmail.com]]>
              </value>
            </param>
            <param index="5">
              <value>
                <![CDATA[test@1]]>
              </value>
            </param>
            <param index="6">
              <value>
                <![CDATA[2195551212]]>
              </value>
            </param>
          </params>
          <reporter-output>
          </reporter-output>
        </test-method> <!-- testPostUser -->
        <test-method signature="testPostUser(java.lang.String,java.lang.String,java.lang.String,java.lang.String,java.lang.String,java.lang.String,java.lang.String)[pri:1, instance:api.test.DataDrivenTests@6a28ffa4]" started-at="2023-09-07T09:54:17 CDT" name="testPostUser" data-provider="Data" finished-at="2023-09-07T09:54:17 CDT" duration-ms="265" status="PASS">
          <params>
            <param index="0">
              <value>
                <![CDATA[1020]]>
              </value>
            </param>
            <param index="1">
              <value>
                <![CDATA[testuser2]]>
              </value>
            </param>
            <param index="2">
              <value>
                <![CDATA[Joe]]>
              </value>
            </param>
            <param index="3">
              <value>
                <![CDATA[Jakubowicz]]>
              </value>
            </param>
            <param index="4">
              <value>
                <![CDATA[lilb@gmail.com]]>
              </value>
            </param>
            <param index="5">
              <value>
                <![CDATA[test@2]]>
              </value>
            </param>
            <param index="6">
              <value>
                <![CDATA[2195551212]]>
              </value>
            </param>
          </params>
          <reporter-output>
          </reporter-output>
        </test-method> <!-- testPostUser -->
        <test-method signature="testPostUser(java.lang.String,java.lang.String,java.lang.String,java.lang.String,java.lang.String,java.lang.String,java.lang.String)[pri:1, instance:api.test.DataDrivenTests@6a28ffa4]" started-at="2023-09-07T09:54:17 CDT" name="testPostUser" data-provider="Data" finished-at="2023-09-07T09:54:18 CDT" duration-ms="268" status="PASS">
          <params>
            <param index="0">
              <value>
                <![CDATA[1030]]>
              </value>
            </param>
            <param index="1">
              <value>
                <![CDATA[testuser3]]>
              </value>
            </param>
            <param index="2">
              <value>
                <![CDATA[Jose]]>
              </value>
            </param>
            <param index="3">
              <value>
                <![CDATA[Torres]]>
              </value>
            </param>
            <param index="4">
              <value>
                <![CDATA[jat2@gmail.com]]>
              </value>
            </param>
            <param index="5">
              <value>
                <![CDATA[test@3]]>
              </value>
            </param>
            <param index="6">
              <value>
                <![CDATA[2195551212]]>
              </value>
            </param>
          </params>
          <reporter-output>
          </reporter-output>
        </test-method> <!-- testPostUser -->
        <test-method signature="testDeleteUserByName(java.lang.String)[pri:2, instance:api.test.DataDrivenTests@6a28ffa4]" started-at="2023-09-07T09:54:18 CDT" name="testDeleteUserByName" data-provider="UserNames" finished-at="2023-09-07T09:54:18 CDT" duration-ms="282" status="PASS">
          <params>
            <param index="0">
              <value>
                <![CDATA[testuser1]]>
              </value>
            </param>
          </params>
          <reporter-output>
          </reporter-output>
        </test-method> <!-- testDeleteUserByName -->
        <test-method signature="testDeleteUserByName(java.lang.String)[pri:2, instance:api.test.DataDrivenTests@6a28ffa4]" started-at="2023-09-07T09:54:18 CDT" name="testDeleteUserByName" data-provider="UserNames" finished-at="2023-09-07T09:54:18 CDT" duration-ms="234" status="PASS">
          <params>
            <param index="0">
              <value>
                <![CDATA[testuser2]]>
              </value>
            </param>
          </params>
          <reporter-output>
          </reporter-output>
        </test-method> <!-- testDeleteUserByName -->
        <test-method signature="testDeleteUserByName(java.lang.String)[pri:2, instance:api.test.DataDrivenTests@6a28ffa4]" started-at="2023-09-07T09:54:18 CDT" name="testDeleteUserByName" data-provider="UserNames" finished-at="2023-09-07T09:54:18 CDT" duration-ms="233" status="PASS">
          <params>
            <param index="0">
              <value>
                <![CDATA[testuser3]]>
              </value>
            </param>
          </params>
          <reporter-output>
          </reporter-output>
        </test-method> <!-- testDeleteUserByName -->
      </class> <!-- api.test.DataDrivenTests -->
      <class name="api.test.UserTests">
        <test-method is-config="true" signature="setup()[pri:0, instance:api.test.UserTests@50eac852]" started-at="2023-09-07T09:54:18 CDT" name="setup" finished-at="2023-09-07T09:54:19 CDT" duration-ms="287" status="PASS">
          <reporter-output>
          </reporter-output>
        </test-method> <!-- setup -->
        <test-method signature="testCreateUser()[pri:1, instance:api.test.UserTests@50eac852]" started-at="2023-09-07T09:54:19 CDT" name="testCreateUser" finished-at="2023-09-07T09:54:19 CDT" duration-ms="312" status="PASS">
          <reporter-output>
          </reporter-output>
        </test-method> <!-- testCreateUser -->
        <test-method signature="testGetUserByName()[pri:2, instance:api.test.UserTests@50eac852]" started-at="2023-09-07T09:54:19 CDT" name="testGetUserByName" finished-at="2023-09-07T09:54:20 CDT" duration-ms="1253" status="PASS">
          <reporter-output>
          </reporter-output>
        </test-method> <!-- testGetUserByName -->
        <test-method signature="testUpdateUserByName()[pri:3, instance:api.test.UserTests@50eac852]" started-at="2023-09-07T09:54:20 CDT" name="testUpdateUserByName" finished-at="2023-09-07T09:54:21 CDT" duration-ms="563" status="PASS">
          <reporter-output>
          </reporter-output>
        </test-method> <!-- testUpdateUserByName -->
        <test-method signature="testDeleteUserByName()[pri:4, instance:api.test.UserTests@50eac852]" started-at="2023-09-07T09:54:21 CDT" name="testDeleteUserByName" finished-at="2023-09-07T09:54:21 CDT" duration-ms="232" status="PASS">
          <reporter-output>
          </reporter-output>
        </test-method> <!-- testDeleteUserByName -->
      </class> <!-- api.test.UserTests -->
    </test> <!-- Test -->
  </suite> <!-- Suite -->
</testng-results>
