<?xml version="1.0" encoding="UTF-8"?>
<testng-results ignored="0" total="10" passed="10" failed="0" skipped="0">
  <reporter-output>
  </reporter-output>
  <suite started-at="2023-09-06T13:40:25 CDT" name="Suite" finished-at="2023-09-06T13:40:38 CDT" duration-ms="12822">
    <groups>
    </groups>
    <test started-at="2023-09-06T13:40:25 CDT" name="Test" finished-at="2023-09-06T13:40:38 CDT" duration-ms="12822">
      <class name="api.test.DataDrivenTests2">
        <test-method signature="testPostUser(java.lang.String,java.lang.String,java.lang.String,java.lang.String,java.lang.String,java.lang.String,java.lang.String)[pri:1, instance:api.test.DataDrivenTests2@7f0eb4b4]" started-at="2023-09-06T13:40:29 CDT" name="testPostUser" data-provider="Data" finished-at="2023-09-06T13:40:32 CDT" duration-ms="2957" status="PASS">
          <params>
            <param index="0">
              <value>
                <![CDATA[1010]]>
              </value>
            </param>
            <param index="1">
              <value>
                <![CDATA[testuser1]]>
              </value>
            </param>
            <param index="2">
              <value>
                <![CDATA[Jake]]>
              </value>
            </param>
            <param index="3">
              <value>
                <![CDATA[Jakubowicz]]>
              </value>
            </param>
            <param index="4">
              <value>
                <![CDATA[bowicz@gmail.com]]>
              </value>
            </param>
            <param index="5">
              <value>
                <![CDATA[test@1]]>
              </value>
            </param>
            <param index="6">
              <value>
                <![CDATA[2195551212]]>
              </value>
            </param>
          </params>
          <reporter-output>
          </reporter-output>
        </test-method> <!-- testPostUser -->
        <test-method signature="testPostUser(java.lang.String,java.lang.String,java.lang.String,java.lang.String,java.lang.String,java.lang.String,java.lang.String)[pri:1, instance:api.test.DataDrivenTests2@7f0eb4b4]" started-at="2023-09-06T13:40:32 CDT" name="testPostUser" data-provider="Data" finished-at="2023-09-06T13:40:32 CDT" duration-ms="266" status="PASS">
          <params>
            <param index="0">
              <value>
                <![CDATA[1020]]>
              </value>
            </param>
            <param index="1">
              <value>
                <![CDATA[testuser2]]>
              </value>
            </param>
            <param index="2">
              <value>
                <![CDATA[Joe]]>
              </value>
            </param>
            <param index="3">
              <value>
                <![CDATA[Jakubowicz]]>
              </value>
            </param>
            <param index="4">
              <value>
                <![CDATA[lilb@gmail.com]]>
              </value>
            </param>
            <param index="5">
              <value>
                <![CDATA[test@2]]>
              </value>
            </param>
            <param index="6">
              <value>
                <![CDATA[2195551212]]>
              </value>
            </param>
          </params>
          <reporter-output>
          </reporter-output>
        </test-method> <!-- testPostUser -->
        <test-method signature="testPostUser(java.lang.String,java.lang.String,java.lang.String,java.lang.String,java.lang.String,java.lang.String,java.lang.String)[pri:1, instance:api.test.DataDrivenTests2@7f0eb4b4]" started-at="2023-09-06T13:40:32 CDT" name="testPostUser" data-provider="Data" finished-at="2023-09-06T13:40:32 CDT" duration-ms="248" status="PASS">
          <params>
            <param index="0">
              <value>
                <![CDATA[1030]]>
              </value>
            </param>
            <param index="1">
              <value>
                <![CDATA[testuser3]]>
              </value>
            </param>
            <param index="2">
              <value>
                <![CDATA[Jose]]>
              </value>
            </param>
            <param index="3">
              <value>
                <![CDATA[Torres]]>
              </value>
            </param>
            <param index="4">
              <value>
                <![CDATA[jat2@gmail.com]]>
              </value>
            </param>
            <param index="5">
              <value>
                <![CDATA[test@3]]>
              </value>
            </param>
            <param index="6">
              <value>
                <![CDATA[2195551212]]>
              </value>
            </param>
          </params>
          <reporter-output>
          </reporter-output>
        </test-method> <!-- testPostUser -->
        <test-method signature="testDeleteUserByName(java.lang.String)[pri:2, instance:api.test.DataDrivenTests2@7f0eb4b4]" started-at="2023-09-06T13:40:33 CDT" name="testDeleteUserByName" data-provider="UserNames" finished-at="2023-09-06T13:40:34 CDT" duration-ms="257" status="PASS">
          <params>
            <param index="0">
              <value>
                <![CDATA[testuser1]]>
              </value>
            </param>
          </params>
          <reporter-output>
          </reporter-output>
        </test-method> <!-- testDeleteUserByName -->
        <test-method signature="testDeleteUserByName(java.lang.String)[pri:2, instance:api.test.DataDrivenTests2@7f0eb4b4]" started-at="2023-09-06T13:40:34 CDT" name="testDeleteUserByName" data-provider="UserNames" finished-at="2023-09-06T13:40:34 CDT" duration-ms="237" status="PASS">
          <params>
            <param index="0">
              <value>
                <![CDATA[testuser2]]>
              </value>
            </param>
          </params>
          <reporter-output>
          </reporter-output>
        </test-method> <!-- testDeleteUserByName -->
        <test-method signature="testDeleteUserByName(java.lang.String)[pri:2, instance:api.test.DataDrivenTests2@7f0eb4b4]" started-at="2023-09-06T13:40:34 CDT" name="testDeleteUserByName" data-provider="UserNames" finished-at="2023-09-06T13:40:34 CDT" duration-ms="218" status="PASS">
          <params>
            <param index="0">
              <value>
                <![CDATA[testuser3]]>
              </value>
            </param>
          </params>
          <reporter-output>
          </reporter-output>
        </test-method> <!-- testDeleteUserByName -->
      </class> <!-- api.test.DataDrivenTests2 -->
      <class name="api.test.UserTests2">
        <test-method is-config="true" signature="setup()[pri:0, instance:api.test.UserTests2@459e9125]" started-at="2023-09-06T13:40:34 CDT" name="setup" finished-at="2023-09-06T13:40:35 CDT" duration-ms="1057" status="PASS">
          <reporter-output>
          </reporter-output>
        </test-method> <!-- setup -->
        <test-method signature="testCreateUser()[pri:1, instance:api.test.UserTests2@459e9125]" started-at="2023-09-06T13:40:35 CDT" name="testCreateUser" finished-at="2023-09-06T13:40:35 CDT" duration-ms="296" status="PASS">
          <reporter-output>
          </reporter-output>
        </test-method> <!-- testCreateUser -->
        <test-method signature="testGetUserByName()[pri:2, instance:api.test.UserTests2@459e9125]" started-at="2023-09-06T13:40:35 CDT" name="testGetUserByName" finished-at="2023-09-06T13:40:37 CDT" duration-ms="1833" status="PASS">
          <reporter-output>
          </reporter-output>
        </test-method> <!-- testGetUserByName -->
        <test-method signature="testUpdateUserByName()[pri:3, instance:api.test.UserTests2@459e9125]" started-at="2023-09-06T13:40:37 CDT" name="testUpdateUserByName" finished-at="2023-09-06T13:40:38 CDT" duration-ms="759" status="PASS">
          <reporter-output>
          </reporter-output>
        </test-method> <!-- testUpdateUserByName -->
        <test-method signature="testDeleteUserByName()[pri:4, instance:api.test.UserTests2@459e9125]" started-at="2023-09-06T13:40:38 CDT" name="testDeleteUserByName" finished-at="2023-09-06T13:40:38 CDT" duration-ms="243" status="PASS">
          <reporter-output>
          </reporter-output>
        </test-method> <!-- testDeleteUserByName -->
      </class> <!-- api.test.UserTests2 -->
    </test> <!-- Test -->
  </suite> <!-- Suite -->
</testng-results>
